<?xml version="1.0" encoding="UTF-8"?>
<!-- Generated by org.testng.reporters.JUnitXMLReporter -->
<testsuite ignored="4" hostname="Sooraj" failures="0" tests="1" name="Default test(failed)" time="6.146" errors="0" timestamp="2022-08-21T12:53:20 IST">
  <testcase classname="TestCases.LoginPageTest" name="verifyKiteLabelTest" time="0.066"/>
  <testcase classname="TestCases.LoginPageTest" name="verifyAppTitleTest" time="0.0">
    <ignored/>
  </testcase> <!-- verifyAppTitleTest -->
  <testcase classname="TestCases.LoginPageTest" name="verifyKiteLogoTest" time="0.0">
    <ignored/>
  </testcase> <!-- verifyKiteLogoTest -->
  <testcase classname="TestCases.LoginPageTest" name="verifyZerothaLogoTest" time="0.0">
    <ignored/>
  </testcase> <!-- verifyZerothaLogoTest -->
  <testcase classname="TestCases.LoginPageTest" name="loginZerothaAppTest" time="0.0">
    <ignored/>
  </testcase> <!-- loginZerothaAppTest -->
</testsuite> <!-- Default test(failed) -->
