<?xml version="1.0" encoding="UTF-8"?>
<!-- Generated by org.testng.reporters.JUnitXMLReporter -->
<testsuite ignored="0" hostname="Sooraj" failures="0" tests="4" name="Test" time="17.887" errors="0" timestamp="2022-08-21T13:19:42 IST">
  <testcase classname="TestCases.ParallelTest" name="openFB" time="9.612"/>
  <testcase classname="TestCases.ParallelTest" name="openFlipkart" time="14.343"/>
  <testcase classname="TestCases.ParallelTest" name="openGoogle" time="5.417"/>
  <testcase classname="TestCases.ParallelTest" name="openKite" time="3.477"/>
</testsuite> <!-- Test -->
