<?xml version="1.0" encoding="UTF-8"?>
<testng-results ignored="0" total="1" passed="1" failed="0" skipped="0">
  <reporter-output>
  </reporter-output>
  <suite started-at="2022-08-21T14:35:41 IST" name="Default suite" finished-at="2022-08-21T14:35:47 IST" duration-ms="6405">
    <groups>
    </groups>
    <test started-at="2022-08-21T14:35:41 IST" name="Default test" finished-at="2022-08-21T14:35:47 IST" duration-ms="6405">
      <class name="TestCases.CaptureScreenshot">
        <test-method is-config="true" signature="setup()[pri:0, instance:TestCases.CaptureScreenshot@1cbb87f3]" started-at="2022-08-21T14:35:41 IST" name="setup" finished-at="2022-08-21T14:35:47 IST" duration-ms="6072" status="PASS">
          <reporter-output>
          </reporter-output>
        </test-method> <!-- setup -->
        <test-method signature="verifyAppTitleTest()[pri:0, instance:TestCases.CaptureScreenshot@1cbb87f3]" started-at="2022-08-21T14:35:47 IST" name="verifyAppTitleTest" finished-at="2022-08-21T14:35:47 IST" duration-ms="39" status="PASS">
          <reporter-output>
          </reporter-output>
        </test-method> <!-- verifyAppTitleTest -->
        <test-method is-config="true" signature="exit()[pri:0, instance:TestCases.CaptureScreenshot@1cbb87f3]" started-at="2022-08-21T14:35:47 IST" name="exit" finished-at="2022-08-21T14:35:47 IST" duration-ms="254" status="PASS">
          <reporter-output>
          </reporter-output>
        </test-method> <!-- exit -->
      </class> <!-- TestCases.CaptureScreenshot -->
    </test> <!-- Default test -->
  </suite> <!-- Default suite -->
</testng-results>
